2024-02-26 23:08:15,785 INFO    StreamThr :96242 [internal.py:wandb_internal():86] W&B internal server running at pid: 96242, started at: 2024-02-26 23:08:15.785514
2024-02-26 23:08:15,786 DEBUG   HandlerThread:96242 [handler.py:handle_request():146] handle_request: status
2024-02-26 23:08:15,786 INFO    WriterThread:96242 [datastore.py:open_for_write():87] open: /Users/ayushdeolasee/Developer/brain_tumor_classification/wandb/run-20240226_230815-ldspcc7p/run-ldspcc7p.wandb
2024-02-26 23:08:15,787 DEBUG   SenderThread:96242 [sender.py:send():382] send: header
2024-02-26 23:08:15,787 DEBUG   SenderThread:96242 [sender.py:send():382] send: run
2024-02-26 23:08:16,685 INFO    SenderThread:96242 [dir_watcher.py:__init__():211] watching files in: /Users/ayushdeolasee/Developer/brain_tumor_classification/wandb/run-20240226_230815-ldspcc7p/files
2024-02-26 23:08:16,685 INFO    SenderThread:96242 [sender.py:_start_run_threads():1136] run started: ldspcc7p with start time 1708969095.785266
2024-02-26 23:08:16,692 DEBUG   HandlerThread:96242 [handler.py:handle_request():146] handle_request: check_version
2024-02-26 23:08:16,693 DEBUG   SenderThread:96242 [sender.py:send_request():409] send_request: check_version
2024-02-26 23:08:16,774 DEBUG   HandlerThread:96242 [handler.py:handle_request():146] handle_request: run_start
2024-02-26 23:08:16,775 DEBUG   HandlerThread:96242 [system_info.py:__init__():27] System info init
2024-02-26 23:08:16,775 DEBUG   HandlerThread:96242 [system_info.py:__init__():42] System info init done
2024-02-26 23:08:16,775 INFO    HandlerThread:96242 [system_monitor.py:start():194] Starting system monitor
2024-02-26 23:08:16,776 INFO    SystemMonitor:96242 [system_monitor.py:_start():158] Starting system asset monitoring threads
2024-02-26 23:08:16,776 INFO    HandlerThread:96242 [system_monitor.py:probe():214] Collecting system info
2024-02-26 23:08:16,776 DEBUG   HandlerThread:96242 [system_info.py:probe():151] Probing system
2024-02-26 23:08:16,776 INFO    SystemMonitor:96242 [interfaces.py:start():190] Started cpu monitoring
2024-02-26 23:08:16,776 INFO    SystemMonitor:96242 [interfaces.py:start():190] Started disk monitoring
2024-02-26 23:08:16,777 INFO    SystemMonitor:96242 [interfaces.py:start():190] Started gpuapple monitoring
2024-02-26 23:08:16,778 INFO    SystemMonitor:96242 [interfaces.py:start():190] Started memory monitoring
2024-02-26 23:08:16,782 INFO    SystemMonitor:96242 [interfaces.py:start():190] Started network monitoring
2024-02-26 23:08:16,782 DEBUG   HandlerThread:96242 [gitlib.py:_init_repo():56] git repository is invalid
2024-02-26 23:08:16,783 DEBUG   HandlerThread:96242 [system_info.py:probe():199] Probing system done
2024-02-26 23:08:16,783 DEBUG   HandlerThread:96242 [system_monitor.py:probe():223] {'os': 'macOS-14.1.2-arm64-arm-64bit', 'python': '3.10.13', 'heartbeatAt': '2024-02-26T17:38:16.776487', 'startedAt': '2024-02-26T17:38:15.782608', 'docker': None, 'cuda': None, 'args': (), 'state': 'running', 'program': '<python with no main file>', 'codePathLocal': None, 'host': 'Ayushs-MacBook-Pro.local', 'username': 'ayushdeolasee', 'executable': '/opt/homebrew/Caskroom/miniconda/base/envs/brain_tumor_classification/bin/python', 'cpu_count': 10, 'cpu_count_logical': 10, 'disk': {'/': {'total': 926.3517189025879, 'used': 703.4703216552734}}, 'gpuapple': {'type': 'arm', 'vendor': 'Apple'}, 'memory': {'total': 32.0}}
2024-02-26 23:08:16,783 INFO    HandlerThread:96242 [system_monitor.py:probe():224] Finished collecting system info
2024-02-26 23:08:16,783 INFO    HandlerThread:96242 [system_monitor.py:probe():227] Publishing system info
2024-02-26 23:08:16,783 DEBUG   HandlerThread:96242 [system_info.py:_save_conda():208] Saving list of conda packages installed into the current environment
2024-02-26 23:08:17,686 INFO    Thread-61 :96242 [dir_watcher.py:_on_file_created():271] file/dir created: /Users/ayushdeolasee/Developer/brain_tumor_classification/wandb/run-20240226_230815-ldspcc7p/files/conda-environment.yaml
2024-02-26 23:08:18,651 DEBUG   HandlerThread:96242 [system_info.py:_save_conda():220] Saving conda packages done
2024-02-26 23:08:18,652 INFO    HandlerThread:96242 [system_monitor.py:probe():229] Finished publishing system info
2024-02-26 23:08:18,652 DEBUG   SenderThread:96242 [sender.py:send():382] send: files
2024-02-26 23:08:18,652 INFO    SenderThread:96242 [sender.py:_save_file():1403] saving file wandb-metadata.json with policy now
2024-02-26 23:08:18,659 DEBUG   HandlerThread:96242 [handler.py:handle_request():146] handle_request: python_packages
2024-02-26 23:08:18,659 DEBUG   SenderThread:96242 [sender.py:send_request():409] send_request: python_packages
2024-02-26 23:08:18,660 DEBUG   HandlerThread:96242 [handler.py:handle_request():146] handle_request: stop_status
2024-02-26 23:08:18,660 DEBUG   SenderThread:96242 [sender.py:send_request():409] send_request: stop_status
2024-02-26 23:08:18,661 DEBUG   HandlerThread:96242 [handler.py:handle_request():146] handle_request: internal_messages
2024-02-26 23:08:18,690 INFO    Thread-61 :96242 [dir_watcher.py:_on_file_modified():288] file/dir modified: /Users/ayushdeolasee/Developer/brain_tumor_classification/wandb/run-20240226_230815-ldspcc7p/files/conda-environment.yaml
2024-02-26 23:08:18,690 INFO    Thread-61 :96242 [dir_watcher.py:_on_file_created():271] file/dir created: /Users/ayushdeolasee/Developer/brain_tumor_classification/wandb/run-20240226_230815-ldspcc7p/files/wandb-metadata.json
2024-02-26 23:08:18,690 INFO    Thread-61 :96242 [dir_watcher.py:_on_file_created():271] file/dir created: /Users/ayushdeolasee/Developer/brain_tumor_classification/wandb/run-20240226_230815-ldspcc7p/files/requirements.txt
2024-02-26 23:08:19,088 DEBUG   SenderThread:96242 [sender.py:send():382] send: telemetry
2024-02-26 23:08:19,695 INFO    Thread-61 :96242 [dir_watcher.py:_on_file_created():271] file/dir created: /Users/ayushdeolasee/Developer/brain_tumor_classification/wandb/run-20240226_230815-ldspcc7p/files/output.log
2024-02-26 23:08:19,797 INFO    wandb-upload_0:96242 [upload_job.py:push():131] Uploaded file /var/folders/tf/g3md_wds3j183knw90n18sdm0000gn/T/tmp0q_qyu8_wandb/e5jb6e2a-wandb-metadata.json
2024-02-26 23:08:21,093 DEBUG   HandlerThread:96242 [handler.py:handle_request():146] handle_request: status_report
2024-02-26 23:08:21,700 INFO    Thread-61 :96242 [dir_watcher.py:_on_file_modified():288] file/dir modified: /Users/ayushdeolasee/Developer/brain_tumor_classification/wandb/run-20240226_230815-ldspcc7p/files/output.log
2024-02-26 23:08:21,750 DEBUG   HandlerThread:96242 [handler.py:handle_request():146] handle_request: pause
2024-02-26 23:08:21,751 INFO    HandlerThread:96242 [handler.py:handle_request_pause():708] stopping system metrics thread
2024-02-26 23:08:21,751 INFO    HandlerThread:96242 [system_monitor.py:finish():203] Stopping system monitor
2024-02-26 23:08:21,751 DEBUG   SystemMonitor:96242 [system_monitor.py:_start():172] Starting system metrics aggregation loop
2024-02-26 23:08:21,751 DEBUG   SystemMonitor:96242 [system_monitor.py:_start():179] Finished system metrics aggregation loop
2024-02-26 23:08:21,751 DEBUG   SystemMonitor:96242 [system_monitor.py:_start():183] Publishing last batch of metrics
2024-02-26 23:08:21,751 INFO    HandlerThread:96242 [interfaces.py:finish():202] Joined cpu monitor
2024-02-26 23:08:21,751 INFO    HandlerThread:96242 [interfaces.py:finish():202] Joined disk monitor
2024-02-26 23:08:21,751 INFO    HandlerThread:96242 [interfaces.py:finish():202] Joined gpuapple monitor
2024-02-26 23:08:21,751 INFO    HandlerThread:96242 [interfaces.py:finish():202] Joined memory monitor
2024-02-26 23:08:21,751 INFO    HandlerThread:96242 [interfaces.py:finish():202] Joined network monitor
2024-02-26 23:08:21,751 DEBUG   SenderThread:96242 [sender.py:send():382] send: telemetry
2024-02-26 23:08:23,711 INFO    Thread-61 :96242 [dir_watcher.py:_on_file_modified():288] file/dir modified: /Users/ayushdeolasee/Developer/brain_tumor_classification/wandb/run-20240226_230815-ldspcc7p/files/output.log
2024-02-26 23:08:26,781 DEBUG   HandlerThread:96242 [handler.py:handle_request():146] handle_request: status_report
2024-02-26 23:08:31,804 DEBUG   HandlerThread:96242 [handler.py:handle_request():146] handle_request: status_report
2024-02-26 23:08:33,668 DEBUG   HandlerThread:96242 [handler.py:handle_request():146] handle_request: stop_status
2024-02-26 23:08:33,669 DEBUG   HandlerThread:96242 [handler.py:handle_request():146] handle_request: internal_messages
2024-02-26 23:08:33,670 DEBUG   SenderThread:96242 [sender.py:send_request():409] send_request: stop_status
2024-02-26 23:08:37,056 DEBUG   HandlerThread:96242 [handler.py:handle_request():146] handle_request: status_report
2024-02-26 23:08:42,074 DEBUG   HandlerThread:96242 [handler.py:handle_request():146] handle_request: status_report
2024-02-26 23:08:47,099 DEBUG   HandlerThread:96242 [handler.py:handle_request():146] handle_request: status_report
2024-02-26 23:08:47,443 ERROR   SenderThread:96242 [internal_api.py:execute():373] 409 response executing GraphQL.
2024-02-26 23:08:47,444 ERROR   SenderThread:96242 [internal_api.py:execute():374] {"errors":[{"message":"run pypdeveloper/Model V0 Revision 1/ldspcc7p was previously created and deleted; try a new run name","path":["upsertBucket"]}],"data":{"upsertBucket":null}}
2024-02-26 23:08:48,671 DEBUG   HandlerThread:96242 [handler.py:handle_request():146] handle_request: internal_messages
2024-02-26 23:08:48,672 DEBUG   HandlerThread:96242 [handler.py:handle_request():146] handle_request: stop_status
2024-02-26 23:08:49,050 ERROR   SenderThread:96242 [internal_api.py:execute():373] 409 response executing GraphQL.
2024-02-26 23:08:49,050 ERROR   SenderThread:96242 [internal_api.py:execute():374] {"errors":[{"message":"run pypdeveloper/Model V0 Revision 1/ldspcc7p was previously created and deleted; try a new run name","path":["upsertBucket"]}],"data":{"upsertBucket":null}}
2024-02-26 23:08:51,807 ERROR   SenderThread:96242 [internal_api.py:execute():373] 409 response executing GraphQL.
2024-02-26 23:08:51,807 ERROR   SenderThread:96242 [internal_api.py:execute():374] {"errors":[{"message":"run pypdeveloper/Model V0 Revision 1/ldspcc7p was previously created and deleted; try a new run name","path":["upsertBucket"]}],"data":{"upsertBucket":null}}
2024-02-26 23:08:51,807 INFO    SenderThread:96242 [retry.py:__call__():172] Retry attempt failed:
Traceback (most recent call last):
  File "/opt/homebrew/Caskroom/miniconda/base/envs/brain_tumor_classification/lib/python3.10/site-packages/wandb/sdk/lib/retry.py", line 131, in __call__
    result = self._call_fn(*args, **kwargs)
  File "/opt/homebrew/Caskroom/miniconda/base/envs/brain_tumor_classification/lib/python3.10/site-packages/wandb/sdk/internal/internal_api.py", line 369, in execute
    return self.client.execute(*args, **kwargs)  # type: ignore
  File "/opt/homebrew/Caskroom/miniconda/base/envs/brain_tumor_classification/lib/python3.10/site-packages/wandb/vendor/gql-0.2.0/wandb_gql/client.py", line 52, in execute
    result = self._get_result(document, *args, **kwargs)
  File "/opt/homebrew/Caskroom/miniconda/base/envs/brain_tumor_classification/lib/python3.10/site-packages/wandb/vendor/gql-0.2.0/wandb_gql/client.py", line 60, in _get_result
    return self.transport.execute(document, *args, **kwargs)
  File "/opt/homebrew/Caskroom/miniconda/base/envs/brain_tumor_classification/lib/python3.10/site-packages/wandb/sdk/lib/gql_request.py", line 59, in execute
    request.raise_for_status()
  File "/opt/homebrew/Caskroom/miniconda/base/envs/brain_tumor_classification/lib/python3.10/site-packages/requests/models.py", line 1021, in raise_for_status
    raise HTTPError(http_error_msg, response=self)
requests.exceptions.HTTPError: 409 Client Error: Conflict for url: https://api.wandb.ai/graphql
2024-02-26 23:08:53,693 DEBUG   HandlerThread:96242 [handler.py:handle_request():146] handle_request: keepalive
2024-02-26 23:08:56,319 ERROR   SenderThread:96242 [internal_api.py:execute():373] 409 response executing GraphQL.
2024-02-26 23:08:56,320 ERROR   SenderThread:96242 [internal_api.py:execute():374] {"errors":[{"message":"run pypdeveloper/Model V0 Revision 1/ldspcc7p was previously created and deleted; try a new run name","path":["upsertBucket"]}],"data":{"upsertBucket":null}}
2024-02-26 23:08:58,710 DEBUG   HandlerThread:96242 [handler.py:handle_request():146] handle_request: keepalive
2024-02-26 23:09:03,676 DEBUG   HandlerThread:96242 [handler.py:handle_request():146] handle_request: internal_messages
2024-02-26 23:09:05,955 ERROR   SenderThread:96242 [internal_api.py:execute():373] 409 response executing GraphQL.
2024-02-26 23:09:05,955 ERROR   SenderThread:96242 [internal_api.py:execute():374] {"errors":[{"message":"run pypdeveloper/Model V0 Revision 1/ldspcc7p was previously created and deleted; try a new run name","path":["upsertBucket"]}],"data":{"upsertBucket":null}}
2024-02-26 23:09:08,751 DEBUG   HandlerThread:96242 [handler.py:handle_request():146] handle_request: keepalive
2024-02-26 23:09:12,301 DEBUG   HandlerThread:96242 [handler.py:handle_request():146] handle_request: resume
2024-02-26 23:09:12,301 INFO    HandlerThread:96242 [handler.py:handle_request_resume():699] starting system metrics thread
2024-02-26 23:09:12,301 INFO    HandlerThread:96242 [system_monitor.py:start():194] Starting system monitor
2024-02-26 23:09:12,301 INFO    SystemMonitor:96242 [system_monitor.py:_start():158] Starting system asset monitoring threads
2024-02-26 23:09:12,301 INFO    SystemMonitor:96242 [interfaces.py:start():190] Started cpu monitoring
2024-02-26 23:09:12,302 INFO    SystemMonitor:96242 [interfaces.py:start():190] Started disk monitoring
2024-02-26 23:09:12,302 INFO    SystemMonitor:96242 [interfaces.py:start():190] Started gpuapple monitoring
2024-02-26 23:09:12,306 INFO    SystemMonitor:96242 [interfaces.py:start():190] Started memory monitoring
2024-02-26 23:09:12,308 INFO    SystemMonitor:96242 [interfaces.py:start():190] Started network monitoring
2024-02-26 23:09:12,335 DEBUG   HandlerThread:96242 [handler.py:handle_request():146] handle_request: pause
2024-02-26 23:09:12,335 INFO    HandlerThread:96242 [handler.py:handle_request_pause():708] stopping system metrics thread
2024-02-26 23:09:12,335 INFO    HandlerThread:96242 [system_monitor.py:finish():203] Stopping system monitor
2024-02-26 23:09:12,336 DEBUG   SystemMonitor:96242 [system_monitor.py:_start():172] Starting system metrics aggregation loop
2024-02-26 23:09:12,336 INFO    HandlerThread:96242 [interfaces.py:finish():202] Joined cpu monitor
2024-02-26 23:09:12,336 DEBUG   SystemMonitor:96242 [system_monitor.py:_start():179] Finished system metrics aggregation loop
2024-02-26 23:09:12,336 INFO    HandlerThread:96242 [interfaces.py:finish():202] Joined disk monitor
2024-02-26 23:09:12,336 DEBUG   SystemMonitor:96242 [system_monitor.py:_start():183] Publishing last batch of metrics
2024-02-26 23:09:13,300 INFO    HandlerThread:96242 [interfaces.py:finish():202] Joined gpuapple monitor
2024-02-26 23:09:13,301 INFO    HandlerThread:96242 [interfaces.py:finish():202] Joined memory monitor
2024-02-26 23:09:13,301 INFO    HandlerThread:96242 [interfaces.py:finish():202] Joined network monitor
2024-02-26 23:09:13,770 DEBUG   HandlerThread:96242 [handler.py:handle_request():146] handle_request: keepalive
2024-02-26 23:09:18,678 DEBUG   HandlerThread:96242 [handler.py:handle_request():146] handle_request: internal_messages
2024-02-26 23:09:19,429 DEBUG   HandlerThread:96242 [handler.py:handle_request():146] handle_request: resume
2024-02-26 23:09:19,429 INFO    HandlerThread:96242 [handler.py:handle_request_resume():699] starting system metrics thread
2024-02-26 23:09:19,429 INFO    HandlerThread:96242 [system_monitor.py:start():194] Starting system monitor
2024-02-26 23:09:19,429 INFO    SystemMonitor:96242 [system_monitor.py:_start():158] Starting system asset monitoring threads
2024-02-26 23:09:19,430 INFO    SystemMonitor:96242 [interfaces.py:start():190] Started cpu monitoring
2024-02-26 23:09:19,430 INFO    SystemMonitor:96242 [interfaces.py:start():190] Started disk monitoring
2024-02-26 23:09:19,433 INFO    SystemMonitor:96242 [interfaces.py:start():190] Started gpuapple monitoring
2024-02-26 23:09:19,435 DEBUG   HandlerThread:96242 [handler.py:handle_request():146] handle_request: pause
2024-02-26 23:09:19,435 INFO    HandlerThread:96242 [handler.py:handle_request_pause():708] stopping system metrics thread
2024-02-26 23:09:19,435 INFO    SystemMonitor:96242 [interfaces.py:start():190] Started memory monitoring
2024-02-26 23:09:19,435 INFO    HandlerThread:96242 [system_monitor.py:finish():203] Stopping system monitor
2024-02-26 23:09:19,436 INFO    HandlerThread:96242 [interfaces.py:finish():202] Joined cpu monitor
2024-02-26 23:09:19,436 INFO    SystemMonitor:96242 [interfaces.py:start():190] Started network monitoring
2024-02-26 23:09:19,436 INFO    HandlerThread:96242 [interfaces.py:finish():202] Joined disk monitor
2024-02-26 23:09:19,436 DEBUG   SystemMonitor:96242 [system_monitor.py:_start():172] Starting system metrics aggregation loop
2024-02-26 23:09:19,436 DEBUG   SystemMonitor:96242 [system_monitor.py:_start():179] Finished system metrics aggregation loop
2024-02-26 23:09:19,436 DEBUG   SystemMonitor:96242 [system_monitor.py:_start():183] Publishing last batch of metrics
2024-02-26 23:09:20,519 INFO    HandlerThread:96242 [interfaces.py:finish():202] Joined gpuapple monitor
2024-02-26 23:09:20,519 INFO    HandlerThread:96242 [interfaces.py:finish():202] Joined memory monitor
2024-02-26 23:09:20,519 INFO    HandlerThread:96242 [interfaces.py:finish():202] Joined network monitor
2024-02-26 23:09:21,943 DEBUG   HandlerThread:96242 [handler.py:handle_request():146] handle_request: resume
2024-02-26 23:09:21,943 INFO    HandlerThread:96242 [handler.py:handle_request_resume():699] starting system metrics thread
2024-02-26 23:09:21,943 INFO    HandlerThread:96242 [system_monitor.py:start():194] Starting system monitor
2024-02-26 23:09:21,943 INFO    SystemMonitor:96242 [system_monitor.py:_start():158] Starting system asset monitoring threads
2024-02-26 23:09:21,944 INFO    SystemMonitor:96242 [interfaces.py:start():190] Started cpu monitoring
2024-02-26 23:09:21,944 INFO    SystemMonitor:96242 [interfaces.py:start():190] Started disk monitoring
2024-02-26 23:09:21,946 INFO    SystemMonitor:96242 [interfaces.py:start():190] Started gpuapple monitoring
2024-02-26 23:09:21,950 INFO    SystemMonitor:96242 [interfaces.py:start():190] Started memory monitoring
2024-02-26 23:09:21,951 INFO    SystemMonitor:96242 [interfaces.py:start():190] Started network monitoring
2024-02-26 23:09:21,973 DEBUG   HandlerThread:96242 [handler.py:handle_request():146] handle_request: pause
2024-02-26 23:09:21,973 INFO    HandlerThread:96242 [handler.py:handle_request_pause():708] stopping system metrics thread
2024-02-26 23:09:21,973 INFO    HandlerThread:96242 [system_monitor.py:finish():203] Stopping system monitor
2024-02-26 23:09:21,973 INFO    HandlerThread:96242 [interfaces.py:finish():202] Joined cpu monitor
2024-02-26 23:09:21,974 DEBUG   SystemMonitor:96242 [system_monitor.py:_start():172] Starting system metrics aggregation loop
2024-02-26 23:09:21,974 DEBUG   SystemMonitor:96242 [system_monitor.py:_start():179] Finished system metrics aggregation loop
2024-02-26 23:09:21,974 DEBUG   SystemMonitor:96242 [system_monitor.py:_start():183] Publishing last batch of metrics
2024-02-26 23:09:21,974 INFO    HandlerThread:96242 [interfaces.py:finish():202] Joined disk monitor
2024-02-26 23:09:22,868 INFO    HandlerThread:96242 [interfaces.py:finish():202] Joined gpuapple monitor
2024-02-26 23:09:22,868 INFO    HandlerThread:96242 [interfaces.py:finish():202] Joined memory monitor
2024-02-26 23:09:22,868 INFO    HandlerThread:96242 [interfaces.py:finish():202] Joined network monitor
2024-02-26 23:09:23,807 DEBUG   HandlerThread:96242 [handler.py:handle_request():146] handle_request: keepalive
2024-02-26 23:09:24,414 ERROR   SenderThread:96242 [internal_api.py:execute():373] 409 response executing GraphQL.
2024-02-26 23:09:24,414 ERROR   SenderThread:96242 [internal_api.py:execute():374] {"errors":[{"message":"run pypdeveloper/Model V0 Revision 1/ldspcc7p was previously created and deleted; try a new run name","path":["upsertBucket"]}],"data":{"upsertBucket":null}}
2024-02-26 23:09:28,831 DEBUG   HandlerThread:96242 [handler.py:handle_request():146] handle_request: keepalive
2024-02-26 23:09:33,690 DEBUG   HandlerThread:96242 [handler.py:handle_request():146] handle_request: internal_messages
2024-02-26 23:09:38,866 DEBUG   HandlerThread:96242 [handler.py:handle_request():146] handle_request: keepalive
2024-02-26 23:09:43,881 DEBUG   HandlerThread:96242 [handler.py:handle_request():146] handle_request: keepalive
2024-02-26 23:09:48,688 DEBUG   HandlerThread:96242 [handler.py:handle_request():146] handle_request: internal_messages
2024-02-26 23:09:53,914 DEBUG   HandlerThread:96242 [handler.py:handle_request():146] handle_request: keepalive
2024-02-26 23:09:58,933 DEBUG   HandlerThread:96242 [handler.py:handle_request():146] handle_request: keepalive
2024-02-26 23:10:03,307 ERROR   SenderThread:96242 [internal_api.py:execute():373] 409 response executing GraphQL.
2024-02-26 23:10:03,308 ERROR   SenderThread:96242 [internal_api.py:execute():374] {"errors":[{"message":"run pypdeveloper/Model V0 Revision 1/ldspcc7p was previously created and deleted; try a new run name","path":["upsertBucket"]}],"data":{"upsertBucket":null}}
2024-02-26 23:10:03,694 DEBUG   HandlerThread:96242 [handler.py:handle_request():146] handle_request: internal_messages
2024-02-26 23:10:08,965 DEBUG   HandlerThread:96242 [handler.py:handle_request():146] handle_request: keepalive
2024-02-26 23:10:11,401 DEBUG   HandlerThread:96242 [handler.py:handle_request():146] handle_request: resume
2024-02-26 23:10:11,401 INFO    HandlerThread:96242 [handler.py:handle_request_resume():699] starting system metrics thread
2024-02-26 23:10:11,401 INFO    HandlerThread:96242 [system_monitor.py:start():194] Starting system monitor
2024-02-26 23:10:11,401 INFO    SystemMonitor:96242 [system_monitor.py:_start():158] Starting system asset monitoring threads
2024-02-26 23:10:11,402 INFO    SystemMonitor:96242 [interfaces.py:start():190] Started cpu monitoring
2024-02-26 23:10:11,402 INFO    SystemMonitor:96242 [interfaces.py:start():190] Started disk monitoring
2024-02-26 23:10:11,402 INFO    SystemMonitor:96242 [interfaces.py:start():190] Started gpuapple monitoring
2024-02-26 23:10:11,407 INFO    SystemMonitor:96242 [interfaces.py:start():190] Started memory monitoring
2024-02-26 23:10:11,407 INFO    SystemMonitor:96242 [interfaces.py:start():190] Started network monitoring
2024-02-26 23:10:12,407 DEBUG   HandlerThread:96242 [handler.py:handle_request():146] handle_request: poll_exit
2024-02-26 23:10:17,436 DEBUG   HandlerThread:96242 [handler.py:handle_request():146] handle_request: keepalive
2024-02-26 23:10:22,448 DEBUG   HandlerThread:96242 [handler.py:handle_request():146] handle_request: keepalive
2024-02-26 23:10:27,464 DEBUG   HandlerThread:96242 [handler.py:handle_request():146] handle_request: keepalive
2024-02-26 23:10:32,483 DEBUG   HandlerThread:96242 [handler.py:handle_request():146] handle_request: keepalive
2024-02-26 23:10:37,492 DEBUG   HandlerThread:96242 [handler.py:handle_request():146] handle_request: keepalive
2024-02-26 23:10:42,513 DEBUG   HandlerThread:96242 [handler.py:handle_request():146] handle_request: keepalive
2024-02-26 23:11:11,412 DEBUG   SystemMonitor:96242 [system_monitor.py:_start():172] Starting system metrics aggregation loop
2024-02-26 23:11:12,202 ERROR   SenderThread:96242 [internal_api.py:execute():373] 409 response executing GraphQL.
2024-02-26 23:11:12,203 ERROR   SenderThread:96242 [internal_api.py:execute():374] {"errors":[{"message":"run pypdeveloper/Model V0 Revision 1/ldspcc7p was previously created and deleted; try a new run name","path":["upsertBucket"]}],"data":{"upsertBucket":null}}
2024-02-26 23:11:12,419 INFO    HandlerThread:96242 [handler.py:finish():869] shutting down handler
2024-02-26 23:11:12,419 INFO    HandlerThread:96242 [system_monitor.py:finish():203] Stopping system monitor
2024-02-26 23:11:12,420 INFO    WriterThread:96242 [datastore.py:close():296] close: /Users/ayushdeolasee/Developer/brain_tumor_classification/wandb/run-20240226_230815-ldspcc7p/run-ldspcc7p.wandb
2024-02-26 23:11:12,423 DEBUG   SystemMonitor:96242 [system_monitor.py:_start():179] Finished system metrics aggregation loop
2024-02-26 23:11:12,423 DEBUG   SystemMonitor:96242 [system_monitor.py:_start():183] Publishing last batch of metrics
2024-02-26 23:11:12,427 INFO    HandlerThread:96242 [interfaces.py:finish():202] Joined cpu monitor
2024-02-26 23:11:12,438 INFO    HandlerThread:96242 [interfaces.py:finish():202] Joined disk monitor
2024-02-26 23:11:12,438 INFO    HandlerThread:96242 [interfaces.py:finish():202] Joined gpuapple monitor
2024-02-26 23:11:12,438 INFO    HandlerThread:96242 [interfaces.py:finish():202] Joined memory monitor
2024-02-26 23:11:12,438 INFO    HandlerThread:96242 [interfaces.py:finish():202] Joined network monitor
2024-02-26 23:11:12,439 ERROR   StreamThr :96242 [internal.py:wandb_internal():174] Thread SenderThread:
Traceback (most recent call last):
  File "/opt/homebrew/Caskroom/miniconda/base/envs/brain_tumor_classification/lib/python3.10/site-packages/wandb/apis/normalize.py", line 41, in wrapper
    return func(*args, **kwargs)
  File "/opt/homebrew/Caskroom/miniconda/base/envs/brain_tumor_classification/lib/python3.10/site-packages/wandb/sdk/internal/internal_api.py", line 2216, in upsert_run
    response = self.gql(
  File "/opt/homebrew/Caskroom/miniconda/base/envs/brain_tumor_classification/lib/python3.10/site-packages/wandb/sdk/internal/internal_api.py", line 341, in gql
    ret = self._retry_gql(
  File "/opt/homebrew/Caskroom/miniconda/base/envs/brain_tumor_classification/lib/python3.10/site-packages/wandb/sdk/lib/retry.py", line 131, in __call__
    result = self._call_fn(*args, **kwargs)
  File "/opt/homebrew/Caskroom/miniconda/base/envs/brain_tumor_classification/lib/python3.10/site-packages/wandb/sdk/internal/internal_api.py", line 369, in execute
    return self.client.execute(*args, **kwargs)  # type: ignore
  File "/opt/homebrew/Caskroom/miniconda/base/envs/brain_tumor_classification/lib/python3.10/site-packages/wandb/vendor/gql-0.2.0/wandb_gql/client.py", line 52, in execute
    result = self._get_result(document, *args, **kwargs)
  File "/opt/homebrew/Caskroom/miniconda/base/envs/brain_tumor_classification/lib/python3.10/site-packages/wandb/vendor/gql-0.2.0/wandb_gql/client.py", line 60, in _get_result
    return self.transport.execute(document, *args, **kwargs)
  File "/opt/homebrew/Caskroom/miniconda/base/envs/brain_tumor_classification/lib/python3.10/site-packages/wandb/sdk/lib/gql_request.py", line 59, in execute
    request.raise_for_status()
  File "/opt/homebrew/Caskroom/miniconda/base/envs/brain_tumor_classification/lib/python3.10/site-packages/requests/models.py", line 1021, in raise_for_status
    raise HTTPError(http_error_msg, response=self)
requests.exceptions.HTTPError: 409 Client Error: Conflict for url: https://api.wandb.ai/graphql

During handling of the above exception, another exception occurred:

Traceback (most recent call last):
  File "/opt/homebrew/Caskroom/miniconda/base/envs/brain_tumor_classification/lib/python3.10/site-packages/wandb/sdk/internal/internal_util.py", line 49, in run
    self._run()
  File "/opt/homebrew/Caskroom/miniconda/base/envs/brain_tumor_classification/lib/python3.10/site-packages/wandb/sdk/internal/internal_util.py", line 93, in _run
    self._debounce()
  File "/opt/homebrew/Caskroom/miniconda/base/envs/brain_tumor_classification/lib/python3.10/site-packages/wandb/sdk/internal/internal.py", line 334, in _debounce
    self._sm.debounce()
  File "/opt/homebrew/Caskroom/miniconda/base/envs/brain_tumor_classification/lib/python3.10/site-packages/wandb/sdk/internal/sender.py", line 540, in debounce
    self._maybe_update_config(always=final)
  File "/opt/homebrew/Caskroom/miniconda/base/envs/brain_tumor_classification/lib/python3.10/site-packages/wandb/sdk/internal/sender.py", line 517, in _maybe_update_config
    self._debounce_config()
  File "/opt/homebrew/Caskroom/miniconda/base/envs/brain_tumor_classification/lib/python3.10/site-packages/wandb/sdk/internal/sender.py", line 546, in _debounce_config
    self._api.upsert_run(
  File "/opt/homebrew/Caskroom/miniconda/base/envs/brain_tumor_classification/lib/python3.10/site-packages/wandb/apis/normalize.py", line 51, in wrapper
    raise CommError(message, error)
wandb.errors.CommError: run pypdeveloper/Model V0 Revision 1/ldspcc7p was previously created and deleted; try a new run name (Error 409: Conflict)
